#! /usr/bin/vvp
:ivl_version "10.1 (stable)";
:ivl_delay_selection "TYPICAL";
:vpi_time_precision - 11;
:vpi_module "system";
:vpi_module "vhdl_sys";
:vpi_module "v2005_math";
:vpi_module "va_math";
S_0x5615eafc9a00 .scope module, "alu_tb" "alu_tb" 2 3;
 .timescale -9 -11;
v0x5615eaff3f00_0 .var "error", 0 0;
v0x5615eaff3fe0_0 .var "error_R", 0 0;
v0x5615eaff40a0_0 .var "error_c", 0 0;
v0x5615eaff4140_0 .var "error_s", 0 0;
v0x5615eaff4200_0 .var "error_z", 0 0;
v0x5615eaff42c0_0 .var/i "errores", 31 0;
v0x5615eaff43a0_0 .var "t_A", 3 0;
v0x5615eaff4460_0 .var "t_B", 3 0;
v0x5615eaff4570_0 .var "t_Op", 1 0;
v0x5615eaff4630_0 .net "t_R", 3 0, L_0x5615eaff80a0;  1 drivers
v0x5615eaff46f0_0 .net "t_c", 0 0, L_0x5615eaff62c0;  1 drivers
v0x5615eaff47e0_0 .var "t_cin", 0 0;
v0x5615eaff48d0_0 .var "t_l", 0 0;
v0x5615eaff49c0_0 .net "t_s", 0 0, L_0x5615eaff8530;  1 drivers
v0x5615eaff4a60_0 .net "t_z", 0 0, L_0x5615eaff8280;  1 drivers
S_0x5615eafbf1e0 .scope task, "check" "check" 2 58, 2 58 0, S_0x5615eafc9a00;
 .timescale -9 -11;
v0x5615eafbe810_0 .var "expected_R", 4 0;
v0x5615eafe9390_0 .var "expected_c", 0 0;
v0x5615eafe9450_0 .var "expected_s", 0 0;
v0x5615eafe94f0_0 .var "expected_z", 0 0;
TD_alu_tb.check ;
    %vpi_call 2 63 "$write", "tiempo=%0d A=%b B=%b c_in=%b L=%b OP=%b R=%b, Z=%b, C=%b, S=%b.", $time, v0x5615eaff43a0_0, v0x5615eaff4460_0, v0x5615eaff47e0_0, v0x5615eaff48d0_0, v0x5615eaff4570_0, v0x5615eaff4630_0, v0x5615eaff4a60_0, v0x5615eaff46f0_0, v0x5615eaff49c0_0 {0 0 0};
    %load/vec4 v0x5615eaff48d0_0;
    %flag_set/vec4 8;
    %jmp/0xz  T_0.0, 8;
    %load/vec4 v0x5615eaff4570_0;
    %dup/vec4;
    %pushi/vec4 0, 0, 2;
    %cmp/u;
    %jmp/1 T_0.2, 6;
    %dup/vec4;
    %pushi/vec4 1, 0, 2;
    %cmp/u;
    %jmp/1 T_0.3, 6;
    %dup/vec4;
    %pushi/vec4 2, 0, 2;
    %cmp/u;
    %jmp/1 T_0.4, 6;
    %dup/vec4;
    %pushi/vec4 3, 0, 2;
    %cmp/u;
    %jmp/1 T_0.5, 6;
    %vpi_call 2 73 "$display", "ERROR. Valor no esperado para t_Op: %b", v0x5615eaff4570_0 {0 0 0};
    %jmp T_0.7;
T_0.2 ;
    %load/vec4 v0x5615eaff43a0_0;
    %load/vec4 v0x5615eaff4460_0;
    %and;
    %ix/load 4, 0, 0;
    %flag_set/imm 4, 0;
    %store/vec4 v0x5615eafbe810_0, 4, 4;
    %jmp T_0.7;
T_0.3 ;
    %load/vec4 v0x5615eaff43a0_0;
    %load/vec4 v0x5615eaff4460_0;
    %or;
    %ix/load 4, 0, 0;
    %flag_set/imm 4, 0;
    %store/vec4 v0x5615eafbe810_0, 4, 4;
    %jmp T_0.7;
T_0.4 ;
    %load/vec4 v0x5615eaff43a0_0;
    %load/vec4 v0x5615eaff4460_0;
    %xor;
    %ix/load 4, 0, 0;
    %flag_set/imm 4, 0;
    %store/vec4 v0x5615eafbe810_0, 4, 4;
    %jmp T_0.7;
T_0.5 ;
    %load/vec4 v0x5615eaff43a0_0;
    %inv;
    %ix/load 4, 0, 0;
    %flag_set/imm 4, 0;
    %store/vec4 v0x5615eafbe810_0, 4, 4;
    %jmp T_0.7;
T_0.7 ;
    %pop/vec4 1;
    %pushi/vec4 0, 0, 1;
    %store/vec4 v0x5615eafe9390_0, 0, 1;
    %load/vec4 v0x5615eafbe810_0;
    %parti/s 1, 3, 3;
    %store/vec4 v0x5615eafe9450_0, 0, 1;
    %pushi/vec4 0, 0, 1;
    %store/vec4 v0x5615eaff4140_0, 0, 1;
    %pushi/vec4 0, 0, 1;
    %store/vec4 v0x5615eaff40a0_0, 0, 1;
    %jmp T_0.1;
T_0.0 ;
    %load/vec4 v0x5615eaff4570_0;
    %dup/vec4;
    %pushi/vec4 0, 0, 2;
    %cmp/u;
    %jmp/1 T_0.8, 6;
    %dup/vec4;
    %pushi/vec4 1, 0, 2;
    %cmp/u;
    %jmp/1 T_0.9, 6;
    %dup/vec4;
    %pushi/vec4 2, 0, 2;
    %cmp/u;
    %jmp/1 T_0.10, 6;
    %dup/vec4;
    %pushi/vec4 3, 0, 2;
    %cmp/u;
    %jmp/1 T_0.11, 6;
    %vpi_call 2 89 "$display", "ERROR. Valor no esperado para t_Op: %b", v0x5615eaff4570_0 {0 0 0};
    %jmp T_0.13;
T_0.8 ;
    %load/vec4 v0x5615eaff43a0_0;
    %pad/u 5;
    %load/vec4 v0x5615eaff47e0_0;
    %pad/u 5;
    %add;
    %store/vec4 v0x5615eafbe810_0, 0, 5;
    %jmp T_0.13;
T_0.9 ;
    %load/vec4 v0x5615eaff43a0_0;
    %pad/u 5;
    %pushi/vec4 15, 0, 5;
    %xor;
    %addi 1, 0, 5;
    %load/vec4 v0x5615eaff47e0_0;
    %pad/u 5;
    %add;
    %store/vec4 v0x5615eafbe810_0, 0, 5;
    %jmp T_0.13;
T_0.10 ;
    %load/vec4 v0x5615eaff43a0_0;
    %pad/u 5;
    %load/vec4 v0x5615eaff4460_0;
    %pad/u 5;
    %add;
    %load/vec4 v0x5615eaff47e0_0;
    %pad/u 5;
    %add;
    %store/vec4 v0x5615eafbe810_0, 0, 5;
    %jmp T_0.13;
T_0.11 ;
    %load/vec4 v0x5615eaff43a0_0;
    %pad/u 5;
    %addi 1, 0, 5;
    %load/vec4 v0x5615eaff47e0_0;
    %pad/u 5;
    %add;
    %store/vec4 v0x5615eafbe810_0, 0, 5;
    %jmp T_0.13;
T_0.13 ;
    %pop/vec4 1;
    %load/vec4 v0x5615eafbe810_0;
    %parti/s 1, 4, 4;
    %store/vec4 v0x5615eafe9390_0, 0, 1;
    %load/vec4 v0x5615eafbe810_0;
    %parti/s 1, 3, 3;
    %store/vec4 v0x5615eafe9450_0, 0, 1;
    %load/vec4 v0x5615eafe9450_0;
    %load/vec4 v0x5615eaff49c0_0;
    %cmp/e;
    %flag_get/vec4 6;
    %inv;
    %store/vec4 v0x5615eaff4140_0, 0, 1;
    %load/vec4 v0x5615eafe9390_0;
    %load/vec4 v0x5615eaff46f0_0;
    %cmp/e;
    %flag_get/vec4 6;
    %inv;
    %store/vec4 v0x5615eaff40a0_0, 0, 1;
T_0.1 ;
    %load/vec4 v0x5615eafbe810_0;
    %parti/s 4, 0, 2;
    %nor/r;
    %store/vec4 v0x5615eafe94f0_0, 0, 1;
    %load/vec4 v0x5615eafbe810_0;
    %parti/s 4, 0, 2;
    %load/vec4 v0x5615eaff4630_0;
    %cmp/e;
    %flag_get/vec4 6;
    %inv;
    %store/vec4 v0x5615eaff3fe0_0, 0, 1;
    %load/vec4 v0x5615eafe94f0_0;
    %load/vec4 v0x5615eaff4a60_0;
    %cmp/e;
    %flag_get/vec4 6;
    %inv;
    %store/vec4 v0x5615eaff4200_0, 0, 1;
    %load/vec4 v0x5615eaff3fe0_0;
    %load/vec4 v0x5615eaff4200_0;
    %or;
    %load/vec4 v0x5615eaff4140_0;
    %or;
    %load/vec4 v0x5615eaff40a0_0;
    %or;
    %store/vec4 v0x5615eaff3f00_0, 0, 1;
    %load/vec4 v0x5615eaff3f00_0;
    %flag_set/vec4 8;
    %jmp/0xz  T_0.14, 8;
    %load/vec4 v0x5615eaff42c0_0;
    %addi 1, 0, 32;
    %store/vec4 v0x5615eaff42c0_0, 0, 32;
    %vpi_call 2 106 "$display", " ---- ERROR" {0 0 0};
    %load/vec4 v0x5615eaff3fe0_0;
    %flag_set/vec4 8;
    %jmp/0xz  T_0.16, 8;
    %vpi_call 2 108 "$display", "\011Resultado esperado %b, obtenido %b", &PV<v0x5615eafbe810_0, 0, 4>, v0x5615eaff4630_0 {0 0 0};
T_0.16 ;
    %load/vec4 v0x5615eaff4200_0;
    %flag_set/vec4 8;
    %jmp/0xz  T_0.18, 8;
    %vpi_call 2 110 "$display", "\011Flag de cero esperado %b, obtenido %b", v0x5615eafe94f0_0, v0x5615eaff4a60_0 {0 0 0};
T_0.18 ;
    %load/vec4 v0x5615eaff4140_0;
    %flag_set/vec4 8;
    %jmp/0xz  T_0.20, 8;
    %vpi_call 2 112 "$display", "\011Flag de signo esperado %b, obtenido %b", v0x5615eafe9450_0, v0x5615eaff49c0_0 {0 0 0};
T_0.20 ;
    %load/vec4 v0x5615eaff40a0_0;
    %flag_set/vec4 8;
    %jmp/0xz  T_0.22, 8;
    %vpi_call 2 114 "$display", "\011Flag de acarreo esperado %b, obtenido %b", v0x5615eafe9390_0, v0x5615eaff46f0_0 {0 0 0};
T_0.22 ;
    %jmp T_0.15;
T_0.14 ;
    %vpi_call 2 117 "$display", " ---- OK" {0 0 0};
T_0.15 ;
    %end;
S_0x5615eafe95b0 .scope module, "mat" "alu" 2 16, 3 3 0, S_0x5615eafc9a00;
 .timescale -9 -11;
    .port_info 0 /OUTPUT 4 "R"
    .port_info 1 /OUTPUT 1 "zero"
    .port_info 2 /OUTPUT 1 "c_out"
    .port_info 3 /OUTPUT 1 "sign"
    .port_info 4 /INPUT 4 "A"
    .port_info 5 /INPUT 4 "B"
    .port_info 6 /INPUT 1 "c_in"
    .port_info 7 /INPUT 2 "ALUOP"
    .port_info 8 /INPUT 1 "l"
L_0x5615eaff4d30 .functor NOT 1, L_0x5615eaff4c90, C4<0>, C4<0>, C4<0>;
L_0x5615eaff4df0 .functor AND 1, L_0x5615eaff4bf0, L_0x5615eaff4d30, C4<1>, C4<1>;
L_0x5615eaff4f00 .functor OR 1, v0x5615eaff48d0_0, L_0x5615eaff4df0, C4<0>, C4<0>;
L_0x5615eaff5150 .functor NOT 1, L_0x5615eaff50b0, C4<0>, C4<0>, C4<0>;
L_0x5615eaff5240 .functor AND 1, L_0x5615eaff5010, L_0x5615eaff5150, C4<1>, C4<1>;
L_0x5615eaff5350 .functor OR 1, v0x5615eaff48d0_0, L_0x5615eaff5240, C4<0>, C4<0>;
L_0x5615eaff54e0 .functor NOT 1, v0x5615eaff48d0_0, C4<0>, C4<0>, C4<0>;
L_0x5615eaff5840 .functor NOT 1, L_0x5615eaff5550, C4<0>, C4<0>, C4<0>;
L_0x5615eaff5950 .functor AND 1, L_0x5615eaff54e0, L_0x5615eaff5840, C4<1>, C4<1>;
L_0x5615eaff5b00 .functor AND 1, L_0x5615eaff5950, L_0x5615eaff5a60, C4<1>, C4<1>;
L_0x5615eaff8400 .functor NOT 1, v0x5615eaff48d0_0, C4<0>, C4<0>, C4<0>;
v0x5615eaff1e60_0 .net "A", 3 0, v0x5615eaff43a0_0;  1 drivers
v0x5615eaff1f90_0 .net "ALUOP", 1 0, v0x5615eaff4570_0;  1 drivers
v0x5615eaff2050_0 .net "B", 3 0, v0x5615eaff4460_0;  1 drivers
v0x5615eaff20f0_0 .net "OP1", 3 0, L_0x5615eaff6100;  1 drivers
v0x5615eaff2190_0 .net "OP2", 3 0, L_0x5615eaff5ef0;  1 drivers
v0x5615eaff22a0_0 .net "R", 3 0, L_0x5615eaff80a0;  alias, 1 drivers
v0x5615eaff2360_0 .net *"_s13", 0 0, L_0x5615eaff5010;  1 drivers
v0x5615eaff2420_0 .net *"_s15", 0 0, L_0x5615eaff50b0;  1 drivers
v0x5615eaff2500_0 .net *"_s16", 0 0, L_0x5615eaff5150;  1 drivers
v0x5615eaff25e0_0 .net *"_s18", 0 0, L_0x5615eaff5240;  1 drivers
v0x5615eaff26c0_0 .net *"_s22", 0 0, L_0x5615eaff54e0;  1 drivers
v0x5615eaff27a0_0 .net *"_s25", 0 0, L_0x5615eaff5550;  1 drivers
v0x5615eaff2880_0 .net *"_s26", 0 0, L_0x5615eaff5840;  1 drivers
v0x5615eaff2960_0 .net *"_s28", 0 0, L_0x5615eaff5950;  1 drivers
v0x5615eaff2a40_0 .net *"_s3", 0 0, L_0x5615eaff4bf0;  1 drivers
v0x5615eaff2b20_0 .net *"_s31", 0 0, L_0x5615eaff5a60;  1 drivers
v0x5615eaff2c00_0 .net *"_s40", 0 0, L_0x5615eaff8400;  1 drivers
v0x5615eaff2ce0_0 .net *"_s43", 0 0, L_0x5615eaff8490;  1 drivers
L_0x7f99265ef180 .functor BUFT 1, C4<x>, C4<0>, C4<0>, C4<0>;
v0x5615eaff2dc0_0 .net *"_s44", 0 0, L_0x7f99265ef180;  1 drivers
v0x5615eaff2ea0_0 .net *"_s5", 0 0, L_0x5615eaff4c90;  1 drivers
v0x5615eaff2f80_0 .net *"_s6", 0 0, L_0x5615eaff4d30;  1 drivers
v0x5615eaff3060_0 .net *"_s8", 0 0, L_0x5615eaff4df0;  1 drivers
v0x5615eaff3140_0 .net "add1", 0 0, L_0x5615eaff4b00;  1 drivers
v0x5615eaff3210_0 .net "c_in", 0 0, v0x5615eaff47e0_0;  1 drivers
v0x5615eaff32e0_0 .net "c_out", 0 0, L_0x5615eaff62c0;  alias, 1 drivers
v0x5615eaff33b0_0 .net "cpl", 0 0, L_0x5615eaff5b00;  1 drivers
v0x5615eaff3480_0 .net "l", 0 0, v0x5615eaff48d0_0;  1 drivers
v0x5615eaff3550_0 .net "op1_A", 0 0, L_0x5615eaff4f00;  1 drivers
v0x5615eaff3620_0 .net "op2_B", 0 0, L_0x5615eaff5350;  1 drivers
v0x5615eaff36f0_0 .net "out_mux_1", 3 0, L_0x5615eaff5cc0;  1 drivers
v0x5615eaff3790_0 .net "out_mux_2", 3 0, L_0x5615eaff6020;  1 drivers
v0x5615eaff3880_0 .net "out_sum4_1", 3 0, L_0x5615eaff6360;  1 drivers
v0x5615eaff3970_0 .net "out_ul4_1", 3 0, L_0x5615eaff7cf0;  1 drivers
v0x5615eaff3c70_0 .net "sign", 0 0, L_0x5615eaff8530;  alias, 1 drivers
v0x5615eaff3d10_0 .net "zero", 0 0, L_0x5615eaff8280;  alias, 1 drivers
L_0x5615eaff4b00 .part v0x5615eaff4570_0, 0, 1;
L_0x5615eaff4bf0 .part v0x5615eaff4570_0, 1, 1;
L_0x5615eaff4c90 .part v0x5615eaff4570_0, 0, 1;
L_0x5615eaff5010 .part v0x5615eaff4570_0, 1, 1;
L_0x5615eaff50b0 .part v0x5615eaff4570_0, 0, 1;
L_0x5615eaff5550 .part v0x5615eaff4570_0, 1, 1;
L_0x5615eaff5a60 .part v0x5615eaff4570_0, 0, 1;
L_0x5615eaff8280 .reduce/nor L_0x5615eaff80a0;
L_0x5615eaff8490 .part L_0x5615eaff80a0, 3, 1;
L_0x5615eaff8530 .functor MUXZ 1, L_0x7f99265ef180, L_0x5615eaff8490, L_0x5615eaff8400, C4<>;
S_0x5615eafe9880 .scope module, "compl" "compl1" 3 21, 4 3 0, S_0x5615eafe95b0;
 .timescale -9 -11;
    .port_info 0 /OUTPUT 4 "Out"
    .port_info 1 /INPUT 4 "Inp"
    .port_info 2 /INPUT 1 "cpl"
L_0x5615eaff5df0 .functor NOT 4, L_0x5615eaff5cc0, C4<0000>, C4<0000>, C4<0000>;
v0x5615eafe9ac0_0 .net "Inp", 3 0, L_0x5615eaff5cc0;  alias, 1 drivers
v0x5615eafe9bc0_0 .net "Out", 3 0, L_0x5615eaff5ef0;  alias, 1 drivers
v0x5615eafe9ca0_0 .net *"_s0", 3 0, L_0x5615eaff5df0;  1 drivers
v0x5615eafe9d60_0 .net "cpl", 0 0, L_0x5615eaff5b00;  alias, 1 drivers
L_0x5615eaff5ef0 .functor MUXZ 4, L_0x5615eaff5cc0, L_0x5615eaff5df0, L_0x5615eaff5b00, C4<>;
S_0x5615eafe9ea0 .scope module, "mux1" "mux2_4" 3 20, 5 3 0, S_0x5615eafe95b0;
 .timescale -9 -11;
    .port_info 0 /OUTPUT 4 "Out"
    .port_info 1 /INPUT 4 "A"
    .port_info 2 /INPUT 4 "B"
    .port_info 3 /INPUT 1 "s"
v0x5615eafea0e0_0 .net "A", 3 0, v0x5615eaff43a0_0;  alias, 1 drivers
v0x5615eafea1c0_0 .net "B", 3 0, v0x5615eaff4460_0;  alias, 1 drivers
v0x5615eafea2a0_0 .net "Out", 3 0, L_0x5615eaff5cc0;  alias, 1 drivers
v0x5615eafea340_0 .net "s", 0 0, L_0x5615eaff5350;  alias, 1 drivers
L_0x5615eaff5cc0 .functor MUXZ 4, v0x5615eaff43a0_0, v0x5615eaff4460_0, L_0x5615eaff5350, C4<>;
S_0x5615eafea490 .scope module, "mux2" "mux2_4" 3 23, 5 3 0, S_0x5615eafe95b0;
 .timescale -9 -11;
    .port_info 0 /OUTPUT 4 "Out"
    .port_info 1 /INPUT 4 "A"
    .port_info 2 /INPUT 4 "B"
    .port_info 3 /INPUT 1 "s"
L_0x7f99265ef018 .functor BUFT 1, C4<0000>, C4<0>, C4<0>, C4<0>;
v0x5615eafea700_0 .net "A", 3 0, L_0x7f99265ef018;  1 drivers
L_0x7f99265ef060 .functor BUFT 1, C4<0001>, C4<0>, C4<0>, C4<0>;
v0x5615eafea7e0_0 .net "B", 3 0, L_0x7f99265ef060;  1 drivers
v0x5615eafea8c0_0 .net "Out", 3 0, L_0x5615eaff6020;  alias, 1 drivers
v0x5615eafea9b0_0 .net "s", 0 0, L_0x5615eaff4b00;  alias, 1 drivers
L_0x5615eaff6020 .functor MUXZ 4, L_0x7f99265ef018, L_0x7f99265ef060, L_0x5615eaff4b00, C4<>;
S_0x5615eafeab20 .scope module, "mux3" "mux2_4" 3 24, 5 3 0, S_0x5615eafe95b0;
 .timescale -9 -11;
    .port_info 0 /OUTPUT 4 "Out"
    .port_info 1 /INPUT 4 "A"
    .port_info 2 /INPUT 4 "B"
    .port_info 3 /INPUT 1 "s"
v0x5615eafead60_0 .net "A", 3 0, L_0x5615eaff6020;  alias, 1 drivers
v0x5615eafeae70_0 .net "B", 3 0, v0x5615eaff43a0_0;  alias, 1 drivers
v0x5615eafeaf40_0 .net "Out", 3 0, L_0x5615eaff6100;  alias, 1 drivers
v0x5615eafeb010_0 .net "s", 0 0, L_0x5615eaff4f00;  alias, 1 drivers
L_0x5615eaff6100 .functor MUXZ 4, L_0x5615eaff6020, v0x5615eaff43a0_0, L_0x5615eaff4f00, C4<>;
S_0x5615eafeb180 .scope module, "mux4" "mux2_4" 3 29, 5 3 0, S_0x5615eafe95b0;
 .timescale -9 -11;
    .port_info 0 /OUTPUT 4 "Out"
    .port_info 1 /INPUT 4 "A"
    .port_info 2 /INPUT 4 "B"
    .port_info 3 /INPUT 1 "s"
v0x5615eafeb410_0 .net "A", 3 0, L_0x5615eaff6360;  alias, 1 drivers
v0x5615eafeb510_0 .net "B", 3 0, L_0x5615eaff7cf0;  alias, 1 drivers
v0x5615eafeb5f0_0 .net "Out", 3 0, L_0x5615eaff80a0;  alias, 1 drivers
v0x5615eafeb6b0_0 .net "s", 0 0, v0x5615eaff48d0_0;  alias, 1 drivers
L_0x5615eaff80a0 .functor MUXZ 4, L_0x5615eaff6360, L_0x5615eaff7cf0, v0x5615eaff48d0_0, C4<>;
S_0x5615eafeb820 .scope module, "sum" "sum4_v2" 3 27, 6 2 0, S_0x5615eafe95b0;
 .timescale -9 -11;
    .port_info 0 /OUTPUT 4 "S"
    .port_info 1 /OUTPUT 1 "c_out"
    .port_info 2 /INPUT 4 "A"
    .port_info 3 /INPUT 4 "B"
    .port_info 4 /INPUT 1 "c_in"
v0x5615eafeb9f0_0 .net "A", 3 0, L_0x5615eaff6100;  alias, 1 drivers
v0x5615eafebb00_0 .net "B", 3 0, L_0x5615eaff5ef0;  alias, 1 drivers
v0x5615eafebbd0_0 .net "S", 3 0, L_0x5615eaff6360;  alias, 1 drivers
L_0x7f99265ef0f0 .functor BUFT 1, C4<0>, C4<0>, C4<0>, C4<0>;
v0x5615eafebcd0_0 .net *"_s10", 0 0, L_0x7f99265ef0f0;  1 drivers
v0x5615eafebd70_0 .net *"_s11", 4 0, L_0x5615eaff6540;  1 drivers
v0x5615eafebea0_0 .net *"_s13", 4 0, L_0x5615eaff66f0;  1 drivers
L_0x7f99265ef138 .functor BUFT 1, C4<0000>, C4<0>, C4<0>, C4<0>;
v0x5615eafebf80_0 .net *"_s16", 3 0, L_0x7f99265ef138;  1 drivers
v0x5615eafec060_0 .net *"_s17", 4 0, L_0x5615eaff6870;  1 drivers
v0x5615eafec140_0 .net *"_s3", 4 0, L_0x5615eaff6400;  1 drivers
L_0x7f99265ef0a8 .functor BUFT 1, C4<0>, C4<0>, C4<0>, C4<0>;
v0x5615eafec220_0 .net *"_s6", 0 0, L_0x7f99265ef0a8;  1 drivers
v0x5615eafec300_0 .net *"_s7", 4 0, L_0x5615eaff64a0;  1 drivers
v0x5615eafec3e0_0 .net "c_in", 0 0, v0x5615eaff47e0_0;  alias, 1 drivers
v0x5615eafec4a0_0 .net "c_out", 0 0, L_0x5615eaff62c0;  alias, 1 drivers
L_0x5615eaff62c0 .part L_0x5615eaff6870, 4, 1;
L_0x5615eaff6360 .part L_0x5615eaff6870, 0, 4;
L_0x5615eaff6400 .concat [ 4 1 0 0], L_0x5615eaff6100, L_0x7f99265ef0a8;
L_0x5615eaff64a0 .concat [ 4 1 0 0], L_0x5615eaff5ef0, L_0x7f99265ef0f0;
L_0x5615eaff6540 .arith/sum 5, L_0x5615eaff6400, L_0x5615eaff64a0;
L_0x5615eaff66f0 .concat [ 1 4 0 0], v0x5615eaff47e0_0, L_0x7f99265ef138;
L_0x5615eaff6870 .arith/sum 5, L_0x5615eaff6540, L_0x5615eaff66f0;
S_0x5615eafec600 .scope module, "ul" "ul4" 3 28, 7 1 0, S_0x5615eafe95b0;
 .timescale -9 -11;
    .port_info 0 /OUTPUT 4 "Out"
    .port_info 1 /INPUT 4 "A"
    .port_info 2 /INPUT 4 "B"
    .port_info 3 /INPUT 2 "S"
v0x5615eaff1a80_0 .net "A", 3 0, L_0x5615eaff6100;  alias, 1 drivers
v0x5615eaff1b90_0 .net "B", 3 0, L_0x5615eaff5ef0;  alias, 1 drivers
v0x5615eaff1ca0_0 .net "Out", 3 0, L_0x5615eaff7cf0;  alias, 1 drivers
v0x5615eaff1d40_0 .net "S", 1 0, v0x5615eaff4570_0;  alias, 1 drivers
L_0x5615eaff6d70 .part L_0x5615eaff6100, 0, 1;
L_0x5615eaff6e10 .part L_0x5615eaff5ef0, 0, 1;
L_0x5615eaff72d0 .part L_0x5615eaff6100, 1, 1;
L_0x5615eaff7370 .part L_0x5615eaff5ef0, 1, 1;
L_0x5615eaff7830 .part L_0x5615eaff6100, 2, 1;
L_0x5615eaff78d0 .part L_0x5615eaff5ef0, 2, 1;
L_0x5615eaff7cf0 .concat8 [ 1 1 1 1], v0x5615eafed490_0, v0x5615eafee8f0_0, v0x5615eafefd70_0, v0x5615eaff1220_0;
L_0x5615eaff7e80 .part L_0x5615eaff6100, 3, 1;
L_0x5615eaff7f70 .part L_0x5615eaff5ef0, 3, 1;
S_0x5615eafec7f0 .scope generate, "genblk1[0]" "genblk1[0]" 7 13, 7 13 0, S_0x5615eafec600;
 .timescale -9 -11;
P_0x5615eafeca00 .param/l "i" 0 7 13, +C4<00>;
S_0x5615eafecae0 .scope module, "cl_inst" "cl" 7 14, 8 3 0, S_0x5615eafec7f0;
 .timescale -9 -11;
    .port_info 0 /OUTPUT 1 "out"
    .port_info 1 /INPUT 1 "a"
    .port_info 2 /INPUT 1 "b"
    .port_info 3 /INPUT 2 "S"
L_0x5615eaff65e0 .functor AND 1, L_0x5615eaff6d70, L_0x5615eaff6e10, C4<1>, C4<1>;
L_0x5615eaff6a00 .functor OR 1, L_0x5615eaff6d70, L_0x5615eaff6e10, C4<0>, C4<0>;
L_0x5615eaff6b60 .functor XOR 1, L_0x5615eaff6d70, L_0x5615eaff6e10, C4<0>, C4<0>;
L_0x5615eaff6c20 .functor NOT 1, L_0x5615eaff6d70, C4<0>, C4<0>, C4<0>;
v0x5615eafed610_0 .net "S", 1 0, v0x5615eaff4570_0;  alias, 1 drivers
v0x5615eafed6f0_0 .net "a", 0 0, L_0x5615eaff6d70;  1 drivers
v0x5615eafed790_0 .net "b", 0 0, L_0x5615eaff6e10;  1 drivers
v0x5615eafed860_0 .net "out", 0 0, v0x5615eafed490_0;  1 drivers
v0x5615eafed930_0 .net "out_and", 0 0, L_0x5615eaff65e0;  1 drivers
v0x5615eafeda20_0 .net "out_not", 0 0, L_0x5615eaff6c20;  1 drivers
v0x5615eafedaf0_0 .net "out_or", 0 0, L_0x5615eaff6a00;  1 drivers
v0x5615eafedbc0_0 .net "out_xor", 0 0, L_0x5615eaff6b60;  1 drivers
S_0x5615eafecd50 .scope module, "mux1" "mux4_1" 8 15, 9 3 0, S_0x5615eafecae0;
 .timescale -9 -11;
    .port_info 0 /OUTPUT 1 "out"
    .port_info 1 /INPUT 1 "a"
    .port_info 2 /INPUT 1 "b"
    .port_info 3 /INPUT 1 "c"
    .port_info 4 /INPUT 1 "d"
    .port_info 5 /INPUT 2 "S"
v0x5615eafed030_0 .net "S", 1 0, v0x5615eaff4570_0;  alias, 1 drivers
v0x5615eafed130_0 .net "a", 0 0, L_0x5615eaff65e0;  alias, 1 drivers
v0x5615eafed1f0_0 .net "b", 0 0, L_0x5615eaff6a00;  alias, 1 drivers
v0x5615eafed2c0_0 .net "c", 0 0, L_0x5615eaff6b60;  alias, 1 drivers
v0x5615eafed380_0 .net "d", 0 0, L_0x5615eaff6c20;  alias, 1 drivers
v0x5615eafed490_0 .var "out", 0 0;
E_0x5615eaf90850/0 .event edge, v0x5615eafed030_0, v0x5615eafed130_0, v0x5615eafed1f0_0, v0x5615eafed2c0_0;
E_0x5615eaf90850/1 .event edge, v0x5615eafed380_0;
E_0x5615eaf90850 .event/or E_0x5615eaf90850/0, E_0x5615eaf90850/1;
S_0x5615eafedcc0 .scope generate, "genblk1[1]" "genblk1[1]" 7 13, 7 13 0, S_0x5615eafec600;
 .timescale -9 -11;
P_0x5615eafedeb0 .param/l "i" 0 7 13, +C4<01>;
S_0x5615eafedf70 .scope module, "cl_inst" "cl" 7 14, 8 3 0, S_0x5615eafedcc0;
 .timescale -9 -11;
    .port_info 0 /OUTPUT 1 "out"
    .port_info 1 /INPUT 1 "a"
    .port_info 2 /INPUT 1 "b"
    .port_info 3 /INPUT 2 "S"
L_0x5615eaff6f40 .functor AND 1, L_0x5615eaff72d0, L_0x5615eaff7370, C4<1>, C4<1>;
L_0x5615eaff6fb0 .functor OR 1, L_0x5615eaff72d0, L_0x5615eaff7370, C4<0>, C4<0>;
L_0x5615eaff70c0 .functor XOR 1, L_0x5615eaff72d0, L_0x5615eaff7370, C4<0>, C4<0>;
L_0x5615eaff7180 .functor NOT 1, L_0x5615eaff72d0, C4<0>, C4<0>, C4<0>;
v0x5615eafeea70_0 .net "S", 1 0, v0x5615eaff4570_0;  alias, 1 drivers
v0x5615eafeeb50_0 .net "a", 0 0, L_0x5615eaff72d0;  1 drivers
v0x5615eafeec10_0 .net "b", 0 0, L_0x5615eaff7370;  1 drivers
v0x5615eafeecb0_0 .net "out", 0 0, v0x5615eafee8f0_0;  1 drivers
v0x5615eafeed80_0 .net "out_and", 0 0, L_0x5615eaff6f40;  1 drivers
v0x5615eafeee70_0 .net "out_not", 0 0, L_0x5615eaff7180;  1 drivers
v0x5615eafeef40_0 .net "out_or", 0 0, L_0x5615eaff6fb0;  1 drivers
v0x5615eafef010_0 .net "out_xor", 0 0, L_0x5615eaff70c0;  1 drivers
S_0x5615eafee1b0 .scope module, "mux1" "mux4_1" 8 15, 9 3 0, S_0x5615eafedf70;
 .timescale -9 -11;
    .port_info 0 /OUTPUT 1 "out"
    .port_info 1 /INPUT 1 "a"
    .port_info 2 /INPUT 1 "b"
    .port_info 3 /INPUT 1 "c"
    .port_info 4 /INPUT 1 "d"
    .port_info 5 /INPUT 2 "S"
v0x5615eafee490_0 .net "S", 1 0, v0x5615eaff4570_0;  alias, 1 drivers
v0x5615eafee5c0_0 .net "a", 0 0, L_0x5615eaff6f40;  alias, 1 drivers
v0x5615eafee680_0 .net "b", 0 0, L_0x5615eaff6fb0;  alias, 1 drivers
v0x5615eafee720_0 .net "c", 0 0, L_0x5615eaff70c0;  alias, 1 drivers
v0x5615eafee7e0_0 .net "d", 0 0, L_0x5615eaff7180;  alias, 1 drivers
v0x5615eafee8f0_0 .var "out", 0 0;
E_0x5615eaf8e910/0 .event edge, v0x5615eafed030_0, v0x5615eafee5c0_0, v0x5615eafee680_0, v0x5615eafee720_0;
E_0x5615eaf8e910/1 .event edge, v0x5615eafee7e0_0;
E_0x5615eaf8e910 .event/or E_0x5615eaf8e910/0, E_0x5615eaf8e910/1;
S_0x5615eafef110 .scope generate, "genblk1[2]" "genblk1[2]" 7 13, 7 13 0, S_0x5615eafec600;
 .timescale -9 -11;
P_0x5615eafef2e0 .param/l "i" 0 7 13, +C4<010>;
S_0x5615eafef3a0 .scope module, "cl_inst" "cl" 7 14, 8 3 0, S_0x5615eafef110;
 .timescale -9 -11;
    .port_info 0 /OUTPUT 1 "out"
    .port_info 1 /INPUT 1 "a"
    .port_info 2 /INPUT 1 "b"
    .port_info 3 /INPUT 2 "S"
L_0x5615eaff74a0 .functor AND 1, L_0x5615eaff7830, L_0x5615eaff78d0, C4<1>, C4<1>;
L_0x5615eaff7510 .functor OR 1, L_0x5615eaff7830, L_0x5615eaff78d0, C4<0>, C4<0>;
L_0x5615eaff7620 .functor XOR 1, L_0x5615eaff7830, L_0x5615eaff78d0, C4<0>, C4<0>;
L_0x5615eaff76e0 .functor NOT 1, L_0x5615eaff7830, C4<0>, C4<0>, C4<0>;
v0x5615eafeff30_0 .net "S", 1 0, v0x5615eaff4570_0;  alias, 1 drivers
v0x5615eaff0010_0 .net "a", 0 0, L_0x5615eaff7830;  1 drivers
v0x5615eaff00d0_0 .net "b", 0 0, L_0x5615eaff78d0;  1 drivers
v0x5615eaff0170_0 .net "out", 0 0, v0x5615eafefd70_0;  1 drivers
v0x5615eaff0240_0 .net "out_and", 0 0, L_0x5615eaff74a0;  1 drivers
v0x5615eaff0330_0 .net "out_not", 0 0, L_0x5615eaff76e0;  1 drivers
v0x5615eaff0400_0 .net "out_or", 0 0, L_0x5615eaff7510;  1 drivers
v0x5615eaff04d0_0 .net "out_xor", 0 0, L_0x5615eaff7620;  1 drivers
S_0x5615eafef610 .scope module, "mux1" "mux4_1" 8 15, 9 3 0, S_0x5615eafef3a0;
 .timescale -9 -11;
    .port_info 0 /OUTPUT 1 "out"
    .port_info 1 /INPUT 1 "a"
    .port_info 2 /INPUT 1 "b"
    .port_info 3 /INPUT 1 "c"
    .port_info 4 /INPUT 1 "d"
    .port_info 5 /INPUT 2 "S"
v0x5615eafef8f0_0 .net "S", 1 0, v0x5615eaff4570_0;  alias, 1 drivers
v0x5615eafefa60_0 .net "a", 0 0, L_0x5615eaff74a0;  alias, 1 drivers
v0x5615eafefb20_0 .net "b", 0 0, L_0x5615eaff7510;  alias, 1 drivers
v0x5615eafefbf0_0 .net "c", 0 0, L_0x5615eaff7620;  alias, 1 drivers
v0x5615eafefcb0_0 .net "d", 0 0, L_0x5615eaff76e0;  alias, 1 drivers
v0x5615eafefd70_0 .var "out", 0 0;
E_0x5615eafcbc10/0 .event edge, v0x5615eafed030_0, v0x5615eafefa60_0, v0x5615eafefb20_0, v0x5615eafefbf0_0;
E_0x5615eafcbc10/1 .event edge, v0x5615eafefcb0_0;
E_0x5615eafcbc10 .event/or E_0x5615eafcbc10/0, E_0x5615eafcbc10/1;
S_0x5615eaff05d0 .scope generate, "genblk1[3]" "genblk1[3]" 7 13, 7 13 0, S_0x5615eafec600;
 .timescale -9 -11;
P_0x5615eaff07a0 .param/l "i" 0 7 13, +C4<011>;
S_0x5615eaff0880 .scope module, "cl_inst" "cl" 7 14, 8 3 0, S_0x5615eaff05d0;
 .timescale -9 -11;
    .port_info 0 /OUTPUT 1 "out"
    .port_info 1 /INPUT 1 "a"
    .port_info 2 /INPUT 1 "b"
    .port_info 3 /INPUT 2 "S"
L_0x5615eaff79b0 .functor AND 1, L_0x5615eaff7e80, L_0x5615eaff7f70, C4<1>, C4<1>;
L_0x5615eaff7a20 .functor OR 1, L_0x5615eaff7e80, L_0x5615eaff7f70, C4<0>, C4<0>;
L_0x5615eaff7b30 .functor XOR 1, L_0x5615eaff7e80, L_0x5615eaff7f70, C4<0>, C4<0>;
L_0x5615eaff7c10 .functor NOT 1, L_0x5615eaff7e80, C4<0>, C4<0>, C4<0>;
v0x5615eaff13e0_0 .net "S", 1 0, v0x5615eaff4570_0;  alias, 1 drivers
v0x5615eaff14c0_0 .net "a", 0 0, L_0x5615eaff7e80;  1 drivers
v0x5615eaff1580_0 .net "b", 0 0, L_0x5615eaff7f70;  1 drivers
v0x5615eaff1620_0 .net "out", 0 0, v0x5615eaff1220_0;  1 drivers
v0x5615eaff16f0_0 .net "out_and", 0 0, L_0x5615eaff79b0;  1 drivers
v0x5615eaff17e0_0 .net "out_not", 0 0, L_0x5615eaff7c10;  1 drivers
v0x5615eaff18b0_0 .net "out_or", 0 0, L_0x5615eaff7a20;  1 drivers
v0x5615eaff1980_0 .net "out_xor", 0 0, L_0x5615eaff7b30;  1 drivers
S_0x5615eaff0ac0 .scope module, "mux1" "mux4_1" 8 15, 9 3 0, S_0x5615eaff0880;
 .timescale -9 -11;
    .port_info 0 /OUTPUT 1 "out"
    .port_info 1 /INPUT 1 "a"
    .port_info 2 /INPUT 1 "b"
    .port_info 3 /INPUT 1 "c"
    .port_info 4 /INPUT 1 "d"
    .port_info 5 /INPUT 2 "S"
v0x5615eaff0de0_0 .net "S", 1 0, v0x5615eaff4570_0;  alias, 1 drivers
v0x5615eaff0ec0_0 .net "a", 0 0, L_0x5615eaff79b0;  alias, 1 drivers
v0x5615eaff0f80_0 .net "b", 0 0, L_0x5615eaff7a20;  alias, 1 drivers
v0x5615eaff1050_0 .net "c", 0 0, L_0x5615eaff7b30;  alias, 1 drivers
v0x5615eaff1110_0 .net "d", 0 0, L_0x5615eaff7c10;  alias, 1 drivers
v0x5615eaff1220_0 .var "out", 0 0;
E_0x5615eaff0d50/0 .event edge, v0x5615eafed030_0, v0x5615eaff0ec0_0, v0x5615eaff0f80_0, v0x5615eaff1050_0;
E_0x5615eaff0d50/1 .event edge, v0x5615eaff1110_0;
E_0x5615eaff0d50 .event/or E_0x5615eaff0d50/0, E_0x5615eaff0d50/1;
    .scope S_0x5615eafecd50;
T_1 ;
    %wait E_0x5615eaf90850;
    %load/vec4 v0x5615eafed030_0;
    %dup/vec4;
    %pushi/vec4 0, 0, 2;
    %cmp/u;
    %jmp/1 T_1.0, 6;
    %dup/vec4;
    %pushi/vec4 1, 0, 2;
    %cmp/u;
    %jmp/1 T_1.1, 6;
    %dup/vec4;
    %pushi/vec4 2, 0, 2;
    %cmp/u;
    %jmp/1 T_1.2, 6;
    %dup/vec4;
    %pushi/vec4 3, 0, 2;
    %cmp/u;
    %jmp/1 T_1.3, 6;
    %jmp T_1.4;
T_1.0 ;
    %load/vec4 v0x5615eafed130_0;
    %store/vec4 v0x5615eafed490_0, 0, 1;
    %jmp T_1.4;
T_1.1 ;
    %load/vec4 v0x5615eafed1f0_0;
    %store/vec4 v0x5615eafed490_0, 0, 1;
    %jmp T_1.4;
T_1.2 ;
    %load/vec4 v0x5615eafed2c0_0;
    %store/vec4 v0x5615eafed490_0, 0, 1;
    %jmp T_1.4;
T_1.3 ;
    %load/vec4 v0x5615eafed380_0;
    %store/vec4 v0x5615eafed490_0, 0, 1;
    %jmp T_1.4;
T_1.4 ;
    %pop/vec4 1;
    %jmp T_1;
    .thread T_1, $push;
    .scope S_0x5615eafee1b0;
T_2 ;
    %wait E_0x5615eaf8e910;
    %load/vec4 v0x5615eafee490_0;
    %dup/vec4;
    %pushi/vec4 0, 0, 2;
    %cmp/u;
    %jmp/1 T_2.0, 6;
    %dup/vec4;
    %pushi/vec4 1, 0, 2;
    %cmp/u;
    %jmp/1 T_2.1, 6;
    %dup/vec4;
    %pushi/vec4 2, 0, 2;
    %cmp/u;
    %jmp/1 T_2.2, 6;
    %dup/vec4;
    %pushi/vec4 3, 0, 2;
    %cmp/u;
    %jmp/1 T_2.3, 6;
    %jmp T_2.4;
T_2.0 ;
    %load/vec4 v0x5615eafee5c0_0;
    %store/vec4 v0x5615eafee8f0_0, 0, 1;
    %jmp T_2.4;
T_2.1 ;
    %load/vec4 v0x5615eafee680_0;
    %store/vec4 v0x5615eafee8f0_0, 0, 1;
    %jmp T_2.4;
T_2.2 ;
    %load/vec4 v0x5615eafee720_0;
    %store/vec4 v0x5615eafee8f0_0, 0, 1;
    %jmp T_2.4;
T_2.3 ;
    %load/vec4 v0x5615eafee7e0_0;
    %store/vec4 v0x5615eafee8f0_0, 0, 1;
    %jmp T_2.4;
T_2.4 ;
    %pop/vec4 1;
    %jmp T_2;
    .thread T_2, $push;
    .scope S_0x5615eafef610;
T_3 ;
    %wait E_0x5615eafcbc10;
    %load/vec4 v0x5615eafef8f0_0;
    %dup/vec4;
    %pushi/vec4 0, 0, 2;
    %cmp/u;
    %jmp/1 T_3.0, 6;
    %dup/vec4;
    %pushi/vec4 1, 0, 2;
    %cmp/u;
    %jmp/1 T_3.1, 6;
    %dup/vec4;
    %pushi/vec4 2, 0, 2;
    %cmp/u;
    %jmp/1 T_3.2, 6;
    %dup/vec4;
    %pushi/vec4 3, 0, 2;
    %cmp/u;
    %jmp/1 T_3.3, 6;
    %jmp T_3.4;
T_3.0 ;
    %load/vec4 v0x5615eafefa60_0;
    %store/vec4 v0x5615eafefd70_0, 0, 1;
    %jmp T_3.4;
T_3.1 ;
    %load/vec4 v0x5615eafefb20_0;
    %store/vec4 v0x5615eafefd70_0, 0, 1;
    %jmp T_3.4;
T_3.2 ;
    %load/vec4 v0x5615eafefbf0_0;
    %store/vec4 v0x5615eafefd70_0, 0, 1;
    %jmp T_3.4;
T_3.3 ;
    %load/vec4 v0x5615eafefcb0_0;
    %store/vec4 v0x5615eafefd70_0, 0, 1;
    %jmp T_3.4;
T_3.4 ;
    %pop/vec4 1;
    %jmp T_3;
    .thread T_3, $push;
    .scope S_0x5615eaff0ac0;
T_4 ;
    %wait E_0x5615eaff0d50;
    %load/vec4 v0x5615eaff0de0_0;
    %dup/vec4;
    %pushi/vec4 0, 0, 2;
    %cmp/u;
    %jmp/1 T_4.0, 6;
    %dup/vec4;
    %pushi/vec4 1, 0, 2;
    %cmp/u;
    %jmp/1 T_4.1, 6;
    %dup/vec4;
    %pushi/vec4 2, 0, 2;
    %cmp/u;
    %jmp/1 T_4.2, 6;
    %dup/vec4;
    %pushi/vec4 3, 0, 2;
    %cmp/u;
    %jmp/1 T_4.3, 6;
    %jmp T_4.4;
T_4.0 ;
    %load/vec4 v0x5615eaff0ec0_0;
    %store/vec4 v0x5615eaff1220_0, 0, 1;
    %jmp T_4.4;
T_4.1 ;
    %load/vec4 v0x5615eaff0f80_0;
    %store/vec4 v0x5615eaff1220_0, 0, 1;
    %jmp T_4.4;
T_4.2 ;
    %load/vec4 v0x5615eaff1050_0;
    %store/vec4 v0x5615eaff1220_0, 0, 1;
    %jmp T_4.4;
T_4.3 ;
    %load/vec4 v0x5615eaff1110_0;
    %store/vec4 v0x5615eaff1220_0, 0, 1;
    %jmp T_4.4;
T_4.4 ;
    %pop/vec4 1;
    %jmp T_4;
    .thread T_4, $push;
    .scope S_0x5615eafc9a00;
T_5 ;
    %vpi_call 2 21 "$dumpfile", "alu.vcd" {0 0 0};
    %vpi_call 2 22 "$dumpvars" {0 0 0};
    %pushi/vec4 0, 0, 32;
    %store/vec4 v0x5615eaff42c0_0, 0, 32;
    %pushi/vec4 0, 0, 1;
    %store/vec4 v0x5615eaff48d0_0, 0, 1;
    %pushi/vec4 2, 0, 32;
T_5.0 %dup/vec4;
    %pushi/vec4 0, 0, 32;
    %cmp/s;
    %jmp/1xz T_5.1, 5;
    %jmp/1 T_5.1, 4;
    %pushi/vec4 1, 0, 32;
    %sub;
    %pushi/vec4 0, 0, 2;
    %store/vec4 v0x5615eaff4570_0, 0, 2;
    %pushi/vec4 4, 0, 32;
T_5.2 %dup/vec4;
    %pushi/vec4 0, 0, 32;
    %cmp/s;
    %jmp/1xz T_5.3, 5;
    %jmp/1 T_5.3, 4;
    %pushi/vec4 1, 0, 32;
    %sub;
    %pushi/vec4 0, 0, 1;
    %store/vec4 v0x5615eaff47e0_0, 0, 1;
    %pushi/vec4 2, 0, 32;
T_5.4 %dup/vec4;
    %pushi/vec4 0, 0, 32;
    %cmp/s;
    %jmp/1xz T_5.5, 5;
    %jmp/1 T_5.5, 4;
    %pushi/vec4 1, 0, 32;
    %sub;
    %pushi/vec4 0, 0, 4;
    %store/vec4 v0x5615eaff43a0_0, 0, 4;
    %pushi/vec4 16, 0, 32;
T_5.6 %dup/vec4;
    %pushi/vec4 0, 0, 32;
    %cmp/s;
    %jmp/1xz T_5.7, 5;
    %jmp/1 T_5.7, 4;
    %pushi/vec4 1, 0, 32;
    %sub;
    %pushi/vec4 0, 0, 4;
    %store/vec4 v0x5615eaff4460_0, 0, 4;
    %pushi/vec4 16, 0, 32;
T_5.8 %dup/vec4;
    %pushi/vec4 0, 0, 32;
    %cmp/s;
    %jmp/1xz T_5.9, 5;
    %jmp/1 T_5.9, 4;
    %pushi/vec4 1, 0, 32;
    %sub;
    %delay 1, 0;
    %fork TD_alu_tb.check, S_0x5615eafbf1e0;
    %join;
    %delay 999, 0;
    %load/vec4 v0x5615eaff4460_0;
    %addi 1, 0, 4;
    %store/vec4 v0x5615eaff4460_0, 0, 4;
    %jmp T_5.8;
T_5.9 ;
    %pop/vec4 1;
    %load/vec4 v0x5615eaff43a0_0;
    %addi 1, 0, 4;
    %store/vec4 v0x5615eaff43a0_0, 0, 4;
    %jmp T_5.6;
T_5.7 ;
    %pop/vec4 1;
    %load/vec4 v0x5615eaff47e0_0;
    %pad/u 2;
    %addi 1, 0, 2;
    %pad/u 1;
    %store/vec4 v0x5615eaff47e0_0, 0, 1;
    %jmp T_5.4;
T_5.5 ;
    %pop/vec4 1;
    %load/vec4 v0x5615eaff4570_0;
    %addi 1, 0, 2;
    %store/vec4 v0x5615eaff4570_0, 0, 2;
    %jmp T_5.2;
T_5.3 ;
    %pop/vec4 1;
    %load/vec4 v0x5615eaff48d0_0;
    %pad/u 2;
    %addi 1, 0, 2;
    %pad/u 1;
    %store/vec4 v0x5615eaff48d0_0, 0, 1;
    %jmp T_5.0;
T_5.1 ;
    %pop/vec4 1;
    %vpi_call 2 52 "$display", "Encontradas %d operaciones erroneas", v0x5615eaff42c0_0 {0 0 0};
    %vpi_call 2 54 "$finish" {0 0 0};
    %end;
    .thread T_5;
# The file index is used to find the file name in the following table.
:file_names 10;
    "N/A";
    "<interactive>";
    "alu_tb.v";
    "alu.v";
    "compl1.v";
    "mux2_4.v";
    "sum4_v2.v";
    "ul4.v";
    "cl.v";
    "mux4_1.v";
