#! /usr/bin/vvp
:ivl_version "10.1 (stable)";
:ivl_delay_selection "TYPICAL";
:vpi_time_precision + 0;
:vpi_module "system";
:vpi_module "vhdl_sys";
:vpi_module "v2005_math";
:vpi_module "va_math";
S_0x55eaa2ba04f0 .scope module, "mux4_1" "mux4_1" 2 3;
 .timescale 0 0;
    .port_info 0 /OUTPUT 1 "out"
    .port_info 1 /INPUT 1 "a"
    .port_info 2 /INPUT 1 "b"
    .port_info 3 /INPUT 1 "c"
    .port_info 4 /INPUT 1 "d"
    .port_info 5 /INPUT 2 "S"
o0x7f114fa1b018 .functor BUFZ 2, C4<zz>; HiZ drive
v0x55eaa2ba0710_0 .net "S", 1 0, o0x7f114fa1b018;  0 drivers
o0x7f114fa1b048 .functor BUFZ 1, C4<z>; HiZ drive
v0x55eaa2bc07d0_0 .net "a", 0 0, o0x7f114fa1b048;  0 drivers
o0x7f114fa1b078 .functor BUFZ 1, C4<z>; HiZ drive
v0x55eaa2bc0890_0 .net "b", 0 0, o0x7f114fa1b078;  0 drivers
o0x7f114fa1b0a8 .functor BUFZ 1, C4<z>; HiZ drive
v0x55eaa2bc0930_0 .net "c", 0 0, o0x7f114fa1b0a8;  0 drivers
o0x7f114fa1b0d8 .functor BUFZ 1, C4<z>; HiZ drive
v0x55eaa2bc09f0_0 .net "d", 0 0, o0x7f114fa1b0d8;  0 drivers
v0x55eaa2bc0b00_0 .var "out", 0 0;
E_0x55eaa2b9ddf0/0 .event edge, v0x55eaa2ba0710_0, v0x55eaa2bc07d0_0, v0x55eaa2bc0890_0, v0x55eaa2bc0930_0;
E_0x55eaa2b9ddf0/1 .event edge, v0x55eaa2bc09f0_0;
E_0x55eaa2b9ddf0 .event/or E_0x55eaa2b9ddf0/0, E_0x55eaa2b9ddf0/1;
    .scope S_0x55eaa2ba04f0;
T_0 ;
    %wait E_0x55eaa2b9ddf0;
    %load/vec4 v0x55eaa2ba0710_0;
    %dup/vec4;
    %pushi/vec4 0, 0, 2;
    %cmp/u;
    %jmp/1 T_0.0, 6;
    %dup/vec4;
    %pushi/vec4 1, 0, 2;
    %cmp/u;
    %jmp/1 T_0.1, 6;
    %dup/vec4;
    %pushi/vec4 2, 0, 2;
    %cmp/u;
    %jmp/1 T_0.2, 6;
    %dup/vec4;
    %pushi/vec4 3, 0, 2;
    %cmp/u;
    %jmp/1 T_0.3, 6;
    %jmp T_0.4;
T_0.0 ;
    %load/vec4 v0x55eaa2bc07d0_0;
    %store/vec4 v0x55eaa2bc0b00_0, 0, 1;
    %jmp T_0.4;
T_0.1 ;
    %load/vec4 v0x55eaa2bc0890_0;
    %store/vec4 v0x55eaa2bc0b00_0, 0, 1;
    %jmp T_0.4;
T_0.2 ;
    %load/vec4 v0x55eaa2bc0930_0;
    %store/vec4 v0x55eaa2bc0b00_0, 0, 1;
    %jmp T_0.4;
T_0.3 ;
    %load/vec4 v0x55eaa2bc09f0_0;
    %store/vec4 v0x55eaa2bc0b00_0, 0, 1;
    %jmp T_0.4;
T_0.4 ;
    %pop/vec4 1;
    %jmp T_0;
    .thread T_0, $push;
# The file index is used to find the file name in the following table.
:file_names 3;
    "N/A";
    "<interactive>";
    "mux4_1.v";
